data finish loading
scan signal emitted256
finish ramp to reference
finish prescan setup
finish ramp to start
dsp scan start
data emit0
[0]
data emit1
[0]
data emit2
[0]
data emit3
[0]
data emit4
[0]
data emit5
[0]
data emit6
[0]
data emit7
[0]
data emit8
[0]
finish command
finish scan
finish ramp back to start
finish finish
data finish loadingscan signal emitted256

finish ramp to reference
finish prescan setup
finish ramp to start
dsp scan start
data emit0
[0]
data emit1
[0]
data emit2
[0]
data emit3
[0]
data emit4
[0]
data emit5
[0]
data emit6
[0]
data emit7
[0]
data emit8
[0]
finish command
finish scan
finish ramp back to start
finish finish
data finish loading
scan signal emitted256
finish ramp to reference
finish prescan setup
finish ramp to start
dsp scan start
data emit0
[0]
data emit1
[0]
data emit2
[0]
data emit3
[0]
data emit4
[0]
data emit5
[0]
data emit6
[0]
data emit7
[0]
data emit8
[0]
finish command
finish scan
finish ramp back to start
finish finish
data finish loadingscan signal emitted256

finish ramp to reference
finish prescan setup
finish ramp to start
dsp scan start
data emit0
[0]
data emit1
[0]
data emit2
[0]
data emit3
[0]
data emit4
[0]
data emit5
[0]
data emit6
[0]
data emit7
[0]
data emit8
[0]
finish command
finish scan
finish ramp back to start
finish finish
data finish loadingscan signal emitted256

finish ramp to reference
finish prescan setup
finish ramp to start
dsp scan start
data emit0
[0]
data emit1
[0]
data emit2
[0]
data emit3
[0]
data emit4
[0]
data emit5
[0]
data emit6
[0]
data emit7
[0]
data emit8
[0]
finish command
finish scan
finish ramp back to start
finish finish
data finish loadingscan signal emitted256

finish ramp to reference
finish prescan setup
finish ramp to start
dsp scan start
data emit0
[0]
data emit1
[0]
data emit2
[0]
data emit3
[0]
data emit4
[0]
data emit5
[0]
data emit6
[0]
data emit7
[0]
data emit8
[0]
finish command
finish scan
finish ramp back to start
finish finish
data finish loadingscan signal emitted256

finish ramp to reference
finish prescan setup
finish ramp to start
dsp scan start
data emit0
[0]
data emit1
[0]
data emit2
[0]
data emit3
[0]
data emit4
[0]
data emit5
[0]
data emit6
[0]
data emit7
[0]
data emit8
[0]
finish command
finish scan
finish ramp back to start
finish finish
data finish loadingscan signal emitted256

finish ramp to reference
finish prescan setup
finish ramp to start
dsp scan start
data emit0
[0]
data emit1
[0]
data emit2
[0]
data emit3
[0]
data emit4
[0]
data emit5
[0]
data emit6
[0]
data emit7
[0]
data emit8
[0]
finish command
finish scan
finish ramp back to start
finish finish
data finish loadingscan signal emitted256

finish ramp to reference
finish prescan setup
finish ramp to start
dsp scan start
data emit0
[0]
data emit1
[0]
data emit2
[0]
data emit3
[0]
data emit4
[0]
data emit5
[0]
data emit6
[0]
data emit7
[0]
data emit8
[0]
finish command
finish scan
finish ramp back to start
finish finish
data finish loadingscan signal emitted256

finish ramp to reference
finish prescan setup
finish ramp to start
dsp scan start
data emit0
[0]
data emit1
[0]
data emit2
[0]
data emit3
[0]
data emit4
[0]
data emit5
[0]
data emit6
[0]
data emit7
[0]
data emit8
[0]
finish command
finish scan
finish ramp back to start
finish finish
data finish loading
scan signal emitted256
finish ramp to reference
finish prescan setup
finish ramp to start
dsp scan start
data emit0
[0]
data emit1
[0]
data emit2
[0]
data emit3
[0]
data emit4
[0]
data emit5
[0]
data emit6
[0]
data emit7
[0]
data emit8
[0]
finish command
finish scan
finish ramp back to start
finish finish
