d:\7_stm software\new project  folder\source code\release\ho_stm.bsc
d:\7_stm software\new project  folder\source code\release\vc141.pdb
d:\7_stm software\new project  folder\source code\release\anl.sbr
d:\7_stm software\new project  folder\source code\release\comment.sbr
d:\7_stm software\new project  folder\source code\release\comment2.sbr
d:\7_stm software\new project  folder\source code\release\common.sbr
d:\7_stm software\new project  folder\source code\release\count.sbr
d:\7_stm software\new project  folder\source code\release\data.sbr
d:\7_stm software\new project  folder\source code\release\dep.sbr
d:\7_stm software\new project  folder\source code\release\dio.sbr
d:\7_stm software\new project  folder\source code\release\etest.sbr
d:\7_stm software\new project  folder\source code\release\exportdr.sbr
d:\7_stm software\new project  folder\source code\release\fft.sbr
d:\7_stm software\new project  folder\source code\release\fht2d.sbr
d:\7_stm software\new project  folder\source code\release\filter.sbr
d:\7_stm software\new project  folder\source code\release\file.sbr
d:\7_stm software\new project  folder\source code\release\fine.sbr
d:\7_stm software\new project  folder\source code\release\fourier.sbr
d:\7_stm software\new project  folder\source code\release\grid.sbr
d:\7_stm software\new project  folder\source code\release\heater.sbr
d:\7_stm software\new project  folder\source code\release\highres.sbr
d:\7_stm software\new project  folder\source code\release\hop.sbr
d:\7_stm software\new project  folder\source code\release\hop.obj
d:\7_stm software\new project  folder\source code\release\highres.obj
d:\7_stm software\new project  folder\source code\release\heater.obj
d:\7_stm software\new project  folder\source code\release\grid.obj
d:\7_stm software\new project  folder\source code\release\fourier.obj
d:\7_stm software\new project  folder\source code\release\fine.obj
d:\7_stm software\new project  folder\source code\release\file.obj
d:\7_stm software\new project  folder\source code\release\filter.obj
d:\7_stm software\new project  folder\source code\release\fht2d.obj
d:\7_stm software\new project  folder\source code\release\fft.obj
d:\7_stm software\new project  folder\source code\release\exportdr.obj
d:\7_stm software\new project  folder\source code\release\etest.obj
d:\7_stm software\new project  folder\source code\release\dio.obj
d:\7_stm software\new project  folder\source code\release\dep.obj
d:\7_stm software\new project  folder\source code\release\data.obj
d:\7_stm software\new project  folder\source code\release\count.obj
d:\7_stm software\new project  folder\source code\release\common.obj
d:\7_stm software\new project  folder\source code\release\comment2.obj
d:\7_stm software\new project  folder\source code\release\comment.obj
d:\7_stm software\new project  folder\source code\release\anl.obj
d:\7_stm software\new project  folder\source code\release\image.sbr
d:\7_stm software\new project  folder\source code\release\info.sbr
d:\7_stm software\new project  folder\source code\release\infodep.sbr
d:\7_stm software\new project  folder\source code\release\infospc.sbr
d:\7_stm software\new project  folder\source code\release\input.sbr
d:\7_stm software\new project  folder\source code\release\io_ctrl.sbr
d:\7_stm software\new project  folder\source code\release\latman.sbr
d:\7_stm software\new project  folder\source code\release\lockin.sbr
d:\7_stm software\new project  folder\source code\release\logpal.sbr
d:\7_stm software\new project  folder\source code\release\masspec.sbr
d:\7_stm software\new project  folder\source code\release\oscill.sbr
d:\7_stm software\new project  folder\source code\release\output.sbr
d:\7_stm software\new project  folder\source code\release\pal.sbr
d:\7_stm software\new project  folder\source code\release\pre_scan.sbr
d:\7_stm software\new project  folder\source code\release\print.sbr
d:\7_stm software\new project  folder\source code\release\random.sbr
d:\7_stm software\new project  folder\source code\release\scan.sbr
d:\7_stm software\new project  folder\source code\release\scan2.sbr
d:\7_stm software\new project  folder\source code\release\sel.sbr
d:\7_stm software\new project  folder\source code\release\serial.sbr
d:\7_stm software\new project  folder\source code\release\serial.obj
d:\7_stm software\new project  folder\source code\release\sel.obj
d:\7_stm software\new project  folder\source code\release\scan2.obj
d:\7_stm software\new project  folder\source code\release\scan.obj
d:\7_stm software\new project  folder\source code\release\random.obj
d:\7_stm software\new project  folder\source code\release\print.obj
d:\7_stm software\new project  folder\source code\release\pre_scan.obj
d:\7_stm software\new project  folder\source code\release\pal.obj
d:\7_stm software\new project  folder\source code\release\output.obj
d:\7_stm software\new project  folder\source code\release\oscill.obj
d:\7_stm software\new project  folder\source code\release\masspec.obj
d:\7_stm software\new project  folder\source code\release\logpal.obj
d:\7_stm software\new project  folder\source code\release\lockin.obj
d:\7_stm software\new project  folder\source code\release\latman.obj
d:\7_stm software\new project  folder\source code\release\io_ctrl.obj
d:\7_stm software\new project  folder\source code\release\input.obj
d:\7_stm software\new project  folder\source code\release\infospc.obj
d:\7_stm software\new project  folder\source code\release\infodep.obj
d:\7_stm software\new project  folder\source code\release\info.obj
d:\7_stm software\new project  folder\source code\release\image.obj
d:\7_stm software\new project  folder\source code\release\sharp.sbr
d:\7_stm software\new project  folder\source code\release\spec.sbr
d:\7_stm software\new project  folder\source code\release\specopt.sbr
d:\7_stm software\new project  folder\source code\release\stm.sbr
d:\7_stm software\new project  folder\source code\release\subtract.sbr
d:\7_stm software\new project  folder\source code\release\summary.sbr
d:\7_stm software\new project  folder\source code\release\tip.sbr
d:\7_stm software\new project  folder\source code\release\trace.sbr
d:\7_stm software\new project  folder\source code\release\track.sbr
d:\7_stm software\new project  folder\source code\release\vibmap.sbr
d:\7_stm software\new project  folder\source code\release\vscale.sbr
d:\7_stm software\new project  folder\source code\release\writegif.sbr
d:\7_stm software\new project  folder\source code\release\adler32.sbr
d:\7_stm software\new project  folder\source code\release\compress.sbr
d:\7_stm software\new project  folder\source code\release\crc32.sbr
d:\7_stm software\new project  folder\source code\release\deflate.sbr
d:\7_stm software\new project  folder\source code\release\gzio.sbr
d:\7_stm software\new project  folder\source code\release\infblock.sbr
d:\7_stm software\new project  folder\source code\release\infcodes.sbr
d:\7_stm software\new project  folder\source code\release\inffast.sbr
d:\7_stm software\new project  folder\source code\release\inffast.obj
d:\7_stm software\new project  folder\source code\release\infcodes.obj
d:\7_stm software\new project  folder\source code\release\infblock.obj
d:\7_stm software\new project  folder\source code\release\gzio.obj
d:\7_stm software\new project  folder\source code\release\deflate.obj
d:\7_stm software\new project  folder\source code\release\crc32.obj
d:\7_stm software\new project  folder\source code\release\compress.obj
d:\7_stm software\new project  folder\source code\release\adler32.obj
d:\7_stm software\new project  folder\source code\release\writegif.obj
d:\7_stm software\new project  folder\source code\release\vscale.obj
d:\7_stm software\new project  folder\source code\release\vibmap.obj
d:\7_stm software\new project  folder\source code\release\track.obj
d:\7_stm software\new project  folder\source code\release\trace.obj
d:\7_stm software\new project  folder\source code\release\tip.obj
d:\7_stm software\new project  folder\source code\release\summary.obj
d:\7_stm software\new project  folder\source code\release\subtract.obj
d:\7_stm software\new project  folder\source code\release\stm.obj
d:\7_stm software\new project  folder\source code\release\specopt.obj
d:\7_stm software\new project  folder\source code\release\spec.obj
d:\7_stm software\new project  folder\source code\release\sharp.obj
d:\7_stm software\new project  folder\source code\release\inflate.sbr
d:\7_stm software\new project  folder\source code\release\inftrees.sbr
d:\7_stm software\new project  folder\source code\release\infutil.sbr
d:\7_stm software\new project  folder\source code\release\trees.sbr
d:\7_stm software\new project  folder\source code\release\uncompr.sbr
d:\7_stm software\new project  folder\source code\release\zutil.sbr
d:\7_stm software\new project  folder\source code\release\zutil.obj
d:\7_stm software\new project  folder\source code\release\uncompr.obj
d:\7_stm software\new project  folder\source code\release\trees.obj
d:\7_stm software\new project  folder\source code\release\infutil.obj
d:\7_stm software\new project  folder\source code\release\inftrees.obj
d:\7_stm software\new project  folder\source code\release\inflate.obj
d:\7_stm software\new project  folder\source code\release\coarse.sbr
d:\7_stm software\new project  folder\source code\release\coarse.obj
d:\7_stm software\new project  folder\source code\release\ho_stm.exe
d:\7_stm software\new project  folder\source code\release\ho_stm.pdb
d:\7_stm software\new project  folder\source code\release\stm32.res
d:\7_stm software\new project  folder\source code\.\release\ho_stm.exe
d:\7_stm software\new project  folder\source code\release\ho_stm.tlog\bscmake.command.1.tlog
d:\7_stm software\new project  folder\source code\release\ho_stm.tlog\bscmake.read.1.tlog
d:\7_stm software\new project  folder\source code\release\ho_stm.tlog\bscmake.write.1.tlog
d:\7_stm software\new project  folder\source code\release\ho_stm.tlog\cl.command.1.tlog
d:\7_stm software\new project  folder\source code\release\ho_stm.tlog\cl.read.1.tlog
d:\7_stm software\new project  folder\source code\release\ho_stm.tlog\cl.write.1.tlog
d:\7_stm software\new project  folder\source code\release\ho_stm.tlog\link.command.1.tlog
d:\7_stm software\new project  folder\source code\release\ho_stm.tlog\link.read.1.tlog
d:\7_stm software\new project  folder\source code\release\ho_stm.tlog\link.write.1.tlog
d:\7_stm software\new project  folder\source code\release\ho_stm.tlog\rc.command.1.tlog
d:\7_stm software\new project  folder\source code\release\ho_stm.tlog\rc.read.1.tlog
d:\7_stm software\new project  folder\source code\release\ho_stm.tlog\rc.write.1.tlog
